[2022-11-22 15:48:34,262] multiqc                                            [DEBUG  ]  This is MultiQC v1.13
[2022-11-22 15:48:34,264] multiqc                                            [DEBUG  ]  Command used: /usr/bin/multiqc -f /mnt/c/Users/abc/Desktop/DubWGS/WGS/tests/main/Outputs/FQCheck
[2022-11-22 15:48:35,256] multiqc                                            [DEBUG  ]  Latest MultiQC version is v1.13
[2022-11-22 15:48:35,256] multiqc                                            [DEBUG  ]  Working dir : /mnt/c/Users/abc/Desktop/DubWGS/WGS/work/d7/d0c418356175a13508e5cd688609ad
[2022-11-22 15:48:35,257] multiqc                                            [DEBUG  ]  Template    : default
[2022-11-22 15:48:35,257] multiqc                                            [DEBUG  ]  Running Python 3.8.1 (default, Dec 26 2019, 14:42:08)  [GCC 9.2.0]
[2022-11-22 15:48:35,258] multiqc                                            [DEBUG  ]  Analysing modules: custom_content, ccs, ngsderive, purple, conpair, lima, peddy, somalier, methylQA, mosdepth, phantompeakqualtools, qualimap, preseq, quast, qorts, rna_seqc, rockhopper, rsem, rseqc, busco, bustools, goleft_indexcov, gffcompare, disambiguate, supernova, deeptools, sargasso, verifybamid, mirtrace, happy, mirtop, sambamba, homer, hops, macs2, theta2, snpeff, gatk, htseq, bcftools, featureCounts, fgbio, dragen, dedup, pbmarkdup, damageprofiler, biobambam2, jcvi, mtnucratio, picard, vep, sentieon, prokka, qc3C, nanostat, samblaster, samtools, sexdeterrmine, eigenstratdatabasetools, bamtools, jellyfish, vcftools, longranger, stacks, varscan2, snippy, bbmap, bismark, biscuit, hicexplorer, hicup, hicpro, salmon, kallisto, slamdunk, star, hisat2, tophat, bowtie2, bowtie1, snpsplit, odgi, pangolin, kat, leehom, adapterRemoval, clipandmerge, cutadapt, flexbar, kaiju, kraken, malt, trimmomatic, sickle, skewer, sortmerna, biobloomtools, fastq_screen, afterqc, fastp, fastqc, pychopper, pycoqc, minionqc, multivcfanalyzer, clusterflow, checkqc, bcl2fastq, bclconvert, interop, ivar, flash, seqyclean, optitype, whatshap
[2022-11-22 15:48:35,259] multiqc                                            [DEBUG  ]  Using temporary directory for creating report: /tmp/tmp2a3mj771
[2022-11-22 15:48:35,493] multiqc                                            [INFO   ]  Search path : /mnt/c/Users/abc/Desktop/DubWGS/WGS/tests/main/Outputs/FQCheck
[2022-11-22 15:48:56,316] multiqc                                            [DEBUG  ]  Summary of files that were skipped by the search: [skipped_module_specific_max_filesize: 87] // [skipped_no_match: 48] // [skipped_ignore_pattern: 1]
[2022-11-22 15:48:57,157] multiqc.plots.bargraph                             [DEBUG  ]  Using matplotlib version 3.1.2
[2022-11-22 15:48:57,158] multiqc.plots.linegraph                            [DEBUG  ]  Using matplotlib version 3.1.2
[2022-11-22 15:48:57,159] multiqc                                            [DEBUG  ]  No samples found: custom_content
[2022-11-22 15:48:57,202] multiqc.modules.qualimap.QM_BamQC                  [DEBUG  ]  Using default Qualimap thresholds: 1, 5, 10, 30, 50
[2022-11-22 15:48:57,235] multiqc.modules.qualimap.qualimap                  [INFO   ]  Found 1 BamQC reports
[2022-11-22 15:48:57,279] multiqc.modules.fastqc.fastqc                      [INFO   ]  Found 2 reports
[2022-11-22 15:48:57,433] multiqc                                            [INFO   ]  Compressing plot data
[2022-11-22 15:48:57,541] multiqc                                            [INFO   ]  Report      : multiqc_report.html
[2022-11-22 15:48:57,541] multiqc                                            [INFO   ]  Data        : multiqc_data
[2022-11-22 15:48:57,542] multiqc                                            [DEBUG  ]  Moving data file from '/tmp/tmp2a3mj771/multiqc_data' to '/mnt/c/Users/abc/Desktop/DubWGS/WGS/work/d7/d0c418356175a13508e5cd688609ad/multiqc_data'
[2022-11-22 15:48:58,086] multiqc                                            [INFO   ]  MultiQC complete
